[debug] [2022-03-22T01:04:21.840Z] ----------------------------------------------------------------------
[debug] [2022-03-22T01:04:21.844Z] Command:       C:\Program Files\nodejs\node.exe C:\Users\Kristijan\AppData\Roaming\npm\node_modules\firebase-tools\lib\bin\firebase.js init
[debug] [2022-03-22T01:04:21.845Z] CLI Version:   10.4.1
[debug] [2022-03-22T01:04:21.845Z] Platform:      win32
[debug] [2022-03-22T01:04:21.845Z] Node Version:  v16.13.2
[debug] [2022-03-22T01:04:21.847Z] Time:          Tue Mar 22 2022 02:04:21 GMT+0100 (Central European Standard Time)
[debug] [2022-03-22T01:04:21.847Z] ----------------------------------------------------------------------
[debug] 
[debug] [2022-03-22T01:04:21.862Z] > command requires scopes: ["email","openid","https://www.googleapis.com/auth/cloudplatformprojects.readonly","https://www.googleapis.com/auth/firebase","https://www.googleapis.com/auth/cloud-platform"]
[debug] [2022-03-22T01:04:21.863Z] > authorizing via signed-in user (kris.topic@gmail.com)
[info] 
     ######## #### ########  ######## ########     ###     ######  ########
     ##        ##  ##     ## ##       ##     ##  ##   ##  ##       ##
     ######    ##  ########  ######   ########  #########  ######  ######
     ##        ##  ##    ##  ##       ##     ## ##     ##       ## ##
     ##       #### ##     ## ######## ########  ##     ##  ######  ########

You're about to initialize a Firebase project in this directory:

  C:\Users\Kristijan\Documents\Kristijan\Faks\FetPizza\fetpizza

[info] 
=== Project Setup
[info] 
[info] First, let's associate this project directory with a Firebase project.
[info] You can create multiple project aliases by running firebase use --add, 
[info] but for now we'll just set up a default project.
[info] 
[debug] [2022-03-22T01:06:30.562Z] >>> [apiv2][query] GET https://firebase.googleapis.com/v1beta1/projects pageSize=100
[debug] [2022-03-22T01:06:31.236Z] <<< [apiv2][status] GET https://firebase.googleapis.com/v1beta1/projects 200
[debug] [2022-03-22T01:06:31.236Z] <<< [apiv2][body] GET https://firebase.googleapis.com/v1beta1/projects [omitted]
[info] i  Using project fetpizza-7be02 (fetpizza) 
[info] 
=== Hosting Setup
[info] 
[info] Your public directory is the folder (relative to your project directory) that
[info] will contain Hosting assets to be uploaded with firebase deploy. If you
[info] have a build process for your assets, use your build's output directory.
[info] 
[info] +  Wrote public/404.html 
[debug] [2022-03-22T01:08:20.638Z] >>> [apiv2][query] GET https://www.gstatic.com/firebasejs/releases.json [none]
[debug] [2022-03-22T01:08:20.911Z] <<< [apiv2][status] GET https://www.gstatic.com/firebasejs/releases.json 200
[debug] [2022-03-22T01:08:20.912Z] <<< [apiv2][body] GET https://www.gstatic.com/firebasejs/releases.json {"current":{"version":"9.6.9","browserURL":"https://www.gstatic.com/firebasejs/9.6.9/firebase.js","packageURL":"https://www.gstatic.com/firebasejs/9.6.9/firebase.tgz"},"live":{"version":"9.6","browserURL":"https://www.gstatic.com/firebasejs/live/9.6/firebase.js","packageURL":"https://www.gstatic.com/firebasejs/live/9.6/firebase.tgz"},"components":{"analytics":"https://www.gstatic.com/firebasejs/9.6.9/firebase-analytics.js","app":"https://www.gstatic.com/firebasejs/9.6.9/firebase-app.js","app-check":"https://www.gstatic.com/firebasejs/9.6.9/firebase-app-check.js","auth":"https://www.gstatic.com/firebasejs/9.6.9/firebase-auth.js","auth/cordova":"https://www.gstatic.com/firebasejs/9.6.9/firebase-auth/cordova.js","auth/react-native":"https://www.gstatic.com/firebasejs/9.6.9/firebase-auth/react-native.js","functions":"https://www.gstatic.com/firebasejs/9.6.9/firebase-functions.js","firestore":"https://www.gstatic.com/firebasejs/9.6.9/firebase-firestore.js","firestore/lite":"https://www.gstatic.com/firebasejs/9.6.9/firebase-firestore/lite.js","storage":"https://www.gstatic.com/firebasejs/9.6.9/firebase-storage.js","performance":"https://www.gstatic.com/firebasejs/9.6.9/firebase-performance.js","remote-config":"https://www.gstatic.com/firebasejs/9.6.9/firebase-remote-config.js","messaging":"https://www.gstatic.com/firebasejs/9.6.9/firebase-messaging.js","messaging/sw":"https://www.gstatic.com/firebasejs/9.6.9/firebase-messaging/sw.js","database":"https://www.gstatic.com/firebasejs/9.6.9/firebase-database.js","firestore.memory":"https://www.gstatic.com/firebasejs/9.6.9/firebase-firestore.memory.js"}}
[info] i  Skipping write of public/index.html 
[info] 
[info] i  Detected a .git folder at C:\Users\Kristijan\Documents\Kristijan\Faks\FetPizza\fetpizza 
[info] i  Authorizing with GitHub to upload your service account to a GitHub repository's secrets store. 
[info] 
[info] Visit this URL on this device to log in:
[info] https://github.com/login/oauth/authorize?client_id=89cf50f02ac6aaed3484&state=1025062947&redirect_uri=http%3A%2F%2Flocalhost%3A9005&scope=read%3Auser%20repo%20public_repo
[info] 
[info] Waiting for authentication...
[debug] [2022-03-22T01:09:34.236Z] >>> HTTP REQUEST POST https://github.com/login/oauth/access_token  
 {"client_id":"89cf50f02ac6aaed3484","client_secret":"3330d14abc895d9a74d5f17cd7a00711fa2c5bf0","code":"b7ef2f64e6187aa778b2","redirect_uri":"http://localhost:9005","state":"1025062947"}
[debug] [2022-03-22T01:09:34.621Z] <<< HTTP RESPONSE 200 {"server":"GitHub.com","date":"Tue, 22 Mar 2022 01:09:34 GMT","content-type":"application/json; charset=utf-8","transfer-encoding":"chunked","vary":"X-PJAX, X-PJAX-Container, Accept-Encoding, Accept, X-Requested-With","permissions-policy":"interest-cohort=()","etag":"W/\"19505c67eb488f8e623a21e33c125c80\"","cache-control":"max-age=0, private, must-revalidate","strict-transport-security":"max-age=31536000; includeSubdomains; preload","x-frame-options":"deny","x-content-type-options":"nosniff","x-xss-protection":"0","referrer-policy":"origin-when-cross-origin, strict-origin-when-cross-origin","expect-ct":"max-age=2592000, report-uri=\"https://api.github.com/_private/browser/errors\"","content-security-policy":"default-src 'none'; base-uri 'self'; block-all-mixed-content; child-src github.com/assets-cdn/worker/ gist.github.com/assets-cdn/worker/; connect-src 'self' uploads.github.com objects-origin.githubusercontent.com www.githubstatus.com collector.githubapp.com collector.github.com api.github.com github-cloud.s3.amazonaws.com github-production-repository-file-5c1aeb.s3.amazonaws.com github-production-upload-manifest-file-7fdce7.s3.amazonaws.com github-production-user-asset-6210df.s3.amazonaws.com cdn.optimizely.com logx.optimizely.com/v1/events translator.github.com wss://alive.github.com; font-src github.githubassets.com; form-action 'self' github.com gist.github.com objects-origin.githubusercontent.com; frame-ancestors 'none'; frame-src render.githubusercontent.com viewscreen.githubusercontent.com notebooks.githubusercontent.com; img-src 'self' data: github.githubassets.com identicons.github.com collector.githubapp.com collector.github.com github-cloud.s3.amazonaws.com secured-user-images.githubusercontent.com/ *.githubusercontent.com; manifest-src 'self'; media-src github.com user-images.githubusercontent.com/; script-src github.githubassets.com; style-src 'unsafe-inline' github.githubassets.com; worker-src github.com/assets-cdn/worker/ gist.github.com/assets-cdn/worker/","x-github-request-id":"AE39:3533:16309EF:1785F92:623921CD"}
[debug] [2022-03-22T01:09:34.637Z] >>> [apiv2][query] GET https://api.github.com/user [none]
[debug] [2022-03-22T01:09:35.197Z] <<< [apiv2][status] GET https://api.github.com/user 200
[debug] [2022-03-22T01:09:35.197Z] <<< [apiv2][body] GET https://api.github.com/user {"login":"KristijanTop","id":75444130,"node_id":"MDQ6VXNlcjc1NDQ0MTMw","avatar_url":"https://avatars.githubusercontent.com/u/75444130?v=4","gravatar_id":"","url":"https://api.github.com/users/KristijanTop","html_url":"https://github.com/KristijanTop","followers_url":"https://api.github.com/users/KristijanTop/followers","following_url":"https://api.github.com/users/KristijanTop/following{/other_user}","gists_url":"https://api.github.com/users/KristijanTop/gists{/gist_id}","starred_url":"https://api.github.com/users/KristijanTop/starred{/owner}{/repo}","subscriptions_url":"https://api.github.com/users/KristijanTop/subscriptions","organizations_url":"https://api.github.com/users/KristijanTop/orgs","repos_url":"https://api.github.com/users/KristijanTop/repos","events_url":"https://api.github.com/users/KristijanTop/events{/privacy}","received_events_url":"https://api.github.com/users/KristijanTop/received_events","type":"User","site_admin":false,"name":"Kristijan Topić","company":null,"blog":"","location":null,"email":null,"hireable":null,"bio":"Student of IT Management","twitter_username":null,"public_repos":3,"public_gists":0,"followers":0,"following":0,"created_at":"2020-12-03T17:35:52Z","updated_at":"2022-02-07T22:42:44Z","private_gists":0,"total_private_repos":0,"owned_private_repos":0,"disk_usage":12906,"collaborators":0,"two_factor_authentication":false,"plan":{"name":"free","space":976562499,"collaborators":0,"private_repos":10000}}
[info] 
[info] +  Success! Logged into GitHub as KristijanTop 
[info] 
[debug] [2022-03-22T01:10:30.256Z] >>> [apiv2][query] GET https://api.github.com/repos//actions/secrets/public-key type=owner
[debug] [2022-03-22T01:10:30.649Z] <<< [apiv2][status] GET https://api.github.com/repos//actions/secrets/public-key 404
[debug] [2022-03-22T01:10:30.650Z] <<< [apiv2][body] GET https://api.github.com/repos//actions/secrets/public-key {"message":"Not Found","documentation_url":"https://docs.github.com/rest"}
[debug] [2022-03-22T01:11:20.815Z] >>> [apiv2][query] GET https://api.github.com/repos//actions/secrets/public-key type=owner
[debug] [2022-03-22T01:11:21.153Z] <<< [apiv2][status] GET https://api.github.com/repos//actions/secrets/public-key 404
[debug] [2022-03-22T01:11:21.154Z] <<< [apiv2][body] GET https://api.github.com/repos//actions/secrets/public-key {"message":"Not Found","documentation_url":"https://docs.github.com/rest"}
[debug] [2022-03-22T01:11:21.319Z] >>> [apiv2][query] GET https://api.github.com/repos//actions/secrets/public-key type=owner
[debug] [2022-03-22T01:11:21.634Z] <<< [apiv2][status] GET https://api.github.com/repos//actions/secrets/public-key 404
[debug] [2022-03-22T01:11:21.634Z] <<< [apiv2][body] GET https://api.github.com/repos//actions/secrets/public-key {"message":"Not Found","documentation_url":"https://docs.github.com/rest"}
[debug] [2022-03-22T01:11:21.847Z] >>> [apiv2][query] GET https://api.github.com/repos//actions/secrets/public-key type=owner
[debug] [2022-03-22T01:11:22.135Z] <<< [apiv2][status] GET https://api.github.com/repos//actions/secrets/public-key 404
[debug] [2022-03-22T01:11:22.135Z] <<< [apiv2][body] GET https://api.github.com/repos//actions/secrets/public-key {"message":"Not Found","documentation_url":"https://docs.github.com/rest"}
[debug] [2022-03-22T01:11:34.463Z] >>> [apiv2][query] GET https://api.github.com/repos/fetpizza/actions/secrets/public-key type=owner
[debug] [2022-03-22T01:11:34.871Z] <<< [apiv2][status] GET https://api.github.com/repos/fetpizza/actions/secrets/public-key 404
[debug] [2022-03-22T01:11:34.871Z] <<< [apiv2][body] GET https://api.github.com/repos/fetpizza/actions/secrets/public-key {"message":"Not Found","documentation_url":"https://docs.github.com/rest"}
[debug] [2022-03-22T01:11:35.543Z] >>> [apiv2][query] GET https://api.github.com/repos/fetpizza/actions/secrets/public-key type=owner
[debug] [2022-03-22T01:11:35.985Z] <<< [apiv2][status] GET https://api.github.com/repos/fetpizza/actions/secrets/public-key 404
[debug] [2022-03-22T01:11:35.985Z] <<< [apiv2][body] GET https://api.github.com/repos/fetpizza/actions/secrets/public-key {"message":"Not Found","documentation_url":"https://docs.github.com/rest"}
